<?xml version="1.0" encoding="UTF-8"?>
<!-- Generated by org.testng.reporters.JUnitXMLReporter -->
<testsuite hostname="Sudhas-MacBook-Air.local" name="Shopping cart: Test on Firefox" tests="11" failures="0" timestamp="17 Oct 2017 09:56:57 GMT" time="61.44" errors="0">
  <testcase name="startBrowser" time="12.66" classname="com.sudha.shoppingcart.setup.OpenBrowser"/>
  <testcase name="searchArticle" time="6.104" classname="com.sudha.shoppingcart.tests.HomePageTest"/>
  <testcase name="addItemToCart" time="0.287" classname="com.sudha.shoppingcart.tests.HomePageTest"/>
  <testcase name="checkCart" time="2.633" classname="com.sudha.shoppingcart.tests.HomePageTest"/>
  <testcase name="changeQuantity" time="4.389" classname="com.sudha.shoppingcart.tests.CartPageTest"/>
  <testcase name="addtoWishList" time="2.501" classname="com.sudha.shoppingcart.tests.CartPageTest"/>
  <testcase name="userLogin" time="3.796" classname="com.sudha.shoppingcart.setup.Login"/>
  <testcase name="checkWishlist" time="12.646" classname="com.sudha.shoppingcart.tests.WishlistTest"/>
  <testcase name="cleanUp" time="10.798" classname="com.sudha.shoppingcart.setup.CloseBrowser"/>
  <testcase name="LogOut" time="5.357" classname="com.sudha.shoppingcart.setup.CloseBrowser"/>
  <testcase name="quitBrowser" time="0.241" classname="com.sudha.shoppingcart.setup.CloseBrowser"/>
</testsuite> <!-- Shopping cart: Test on Firefox -->
