<?xml version="1.0" encoding="UTF-8"?>
<!-- Generated by org.testng.reporters.JUnitXMLReporter -->
<testsuite hostname="Sudhas-MacBook-Air.local" name="Test" tests="10" failures="0" timestamp="12 Oct 2017 13:31:23 GMT" time="52.267" errors="0">
  <testcase name="startBrowser" time="15.041" classname="com.sudha.shoppingcart.setup.OpenBrowser"/>
  <testcase name="searchArticle" time="13.278" classname="com.sudha.shoppingcart.tests.HomePageTest"/>
  <testcase name="addItemToCart" time="0.353" classname="com.sudha.shoppingcart.tests.HomePageTest"/>
  <testcase name="checkCart" time="1.914" classname="com.sudha.shoppingcart.tests.HomePageTest"/>
  <testcase name="changeQuantity" time="6.69" classname="com.sudha.shoppingcart.tests.CartPageTest"/>
  <testcase name="addtoWishList" time="0.792" classname="com.sudha.shoppingcart.tests.CartPageTest"/>
  <testcase name="userLogin" time="6.452" classname="com.sudha.shoppingcart.pageobjects.LoginPage"/>
  <testcase name="checkWishlist" time="6.804" classname="com.sudha.shoppingcart.tests.WishlistTest"/>
  <testcase name="cleanUp" time="0.713" classname="com.sudha.shoppingcart.setup.CloseBrowser"/>
  <testcase name="quitBrowser" time="0.203" classname="com.sudha.shoppingcart.setup.CloseBrowser"/>
</testsuite> <!-- Test -->
