<?xml version="1.0" encoding="UTF-8"?>
<!-- Generated by org.testng.reporters.JUnitXMLReporter -->
<testsuite hostname="Sudhas-MacBook-Air.local" name="Test(failed)" tests="2" failures="1" timestamp="13 Oct 2017 10:30:10 GMT" time="0.044" errors="0">
  <testcase name="cleanUp" time="0.019" classname="com.sudha.shoppingcart.setup.CloseBrowser">
    <failure type="java.lang.NullPointerException">
      <![CDATA[java.lang.NullPointerException
	at com.sudha.shoppingcart.setup.CloseBrowser.cleanUp(CloseBrowser.java:25)
... Removed 24 stack frames]]>
    </failure>
  </testcase> <!-- cleanUp -->
  <testcase name="checkWishlist" time="0.002" classname="com.sudha.shoppingcart.tests.WishlistTest">
    <skipped/>
  </testcase> <!-- checkWishlist -->
</testsuite> <!-- Test(failed) -->
