<?xml version="1.0" encoding="UTF-8"?>
<!-- Generated by org.testng.reporters.JUnitXMLReporter -->
<testsuite hostname="Sudhas-MacBook-Air.local" name="Shopping cart Test" tests="10" failures="0" timestamp="13 Oct 2017 08:28:58 GMT" time="35.589" errors="0">
  <testcase name="startBrowser" time="11.979" classname="com.sudha.shoppingcart.setup.OpenBrowser"/>
  <testcase name="searchArticle" time="6.283" classname="com.sudha.shoppingcart.tests.HomePageTest"/>
  <testcase name="addItemToCart" time="0.336" classname="com.sudha.shoppingcart.tests.HomePageTest"/>
  <testcase name="checkCart" time="1.901" classname="com.sudha.shoppingcart.tests.HomePageTest"/>
  <testcase name="changeQuantity" time="3.557" classname="com.sudha.shoppingcart.tests.CartPageTest"/>
  <testcase name="addtoWishList" time="0.861" classname="com.sudha.shoppingcart.tests.CartPageTest"/>
  <testcase name="userLogin" time="3.102" classname="com.sudha.shoppingcart.pageobjects.LoginPage"/>
  <testcase name="checkWishlist" time="6.429" classname="com.sudha.shoppingcart.tests.WishlistTest"/>
  <testcase name="cleanUp" time="0.899" classname="com.sudha.shoppingcart.setup.CloseBrowser"/>
  <testcase name="quitBrowser" time="0.212" classname="com.sudha.shoppingcart.setup.CloseBrowser"/>
</testsuite> <!-- Shopping cart Test -->
